<?xml version="1.0" encoding="UTF-8"?>
<coverage generated="1667395566510" clover="3.2.0">
  <project timestamp="1667395566511" name="All files">
    <metrics statements="3" coveredstatements="3" conditionals="2" coveredconditionals="2" methods="1" coveredmethods="1" elements="6" coveredelements="6" complexity="0" loc="3" ncloc="3" packages="2" files="2" classes="2"/>
    <package name="components">
      <metrics statements="3" coveredstatements="3" conditionals="2" coveredconditionals="2" methods="1" coveredmethods="1"/>
      <file name="RedButton.tsx" path="C:\Users\marku\Documents\bachelor-e22\temp\knowledge-gate-app\components\RedButton.tsx">
        <metrics statements="3" coveredstatements="3" conditionals="2" coveredconditionals="2" methods="1" coveredmethods="1"/>
        <line num="5" count="1" type="stmt"/>
        <line num="38" count="1" type="stmt"/>
        <line num="39" count="2" type="stmt"/>
      </file>
    </package>
    <package name="constants">
      <metrics statements="0" coveredstatements="0" conditionals="0" coveredconditionals="0" methods="0" coveredmethods="0"/>
      <file name="Colors.ts" path="C:\Users\marku\Documents\bachelor-e22\temp\knowledge-gate-app\constants\Colors.ts">
        <metrics statements="0" coveredstatements="0" conditionals="0" coveredconditionals="0" methods="0" coveredmethods="0"/>
      </file>
    </package>
  </project>
</coverage>
