{"C:\\Users\\marku\\Documents\\bachelor-e22\\temp\\knowledge-gate-app\\components\\RedButton.tsx": {"path":"C:\\Users\\marku\\Documents\\bachelor-e22\\temp\\knowledge-gate-app\\components\\RedButton.tsx","statementMap":{"0":{"start":{"line":5,"column":15},"end":{"line":30,"column":2}},"1":{"start":{"line":38,"column":35},"end":{"line":53,"column":1}},"2":{"start":{"line":39,"column":2},"end":{"line":52,"column":3}}},"fnMap":{"0":{"name":"(anonymous_0)","decl":{"start":{"line":38,"column":35},"end":{"line":38,"column":36}},"loc":{"start":{"line":38,"column":64},"end":{"line":53,"column":1}},"line":38}},"branchMap":{"0":{"loc":{"start":{"line":48,"column":11},"end":{"line":48,"column":27}},"type":"binary-expr","locations":[{"start":{"line":48,"column":11},"end":{"line":48,"column":15}},{"start":{"line":48,"column":19},"end":{"line":48,"column":27}}],"line":48}},"s":{"0":1,"1":1,"2":2},"f":{"0":2},"b":{"0":[2,2]},"_coverageSchema":"1a1c01bbd47fc00a2c39e90264f33305004495a9","hash":"9c431538a219d8ecea8e79f6c4355acdbc62b100"}
,"C:\\Users\\marku\\Documents\\bachelor-e22\\temp\\knowledge-gate-app\\constants\\Colors.ts": {"path":"C:\\Users\\marku\\Documents\\bachelor-e22\\temp\\knowledge-gate-app\\constants\\Colors.ts","statementMap":{},"fnMap":{},"branchMap":{},"s":{},"f":{},"b":{},"_coverageSchema":"1a1c01bbd47fc00a2c39e90264f33305004495a9","hash":"e9717b5c63e22956098ad40ba62569e0ae10364a"}
}
